2023-08-09 14:37:39,607 [INFO] Iterating for Account (Branch Code): 11.03.01
2023-08-09 14:37:39,614 [INFO] ('Fattura di vendita', 70.9, 0.0) - This transaction was held on a holiday ().Converting it to the next working day
2023-08-09 14:37:39,614 [INFO] ('Abbuono', 0.0, 0.01) - Skipping transaction as amount is < 1 Euro (min transaction amount)
2023-08-09 14:37:39,615 [INFO] ('Abbuono', 0.0, 0.01) - Skipping transaction as amount is < 1 Euro (min transaction amount)
2023-08-09 14:37:39,615 [INFO] ('Abbuono', 0.01, 0.0) - Skipping transaction as amount is < 1 Euro (min transaction amount)
2023-08-09 14:37:39,615 [INFO] ('Abbuono', 0.0, 0.01) - Skipping transaction as amount is < 1 Euro (min transaction amount)
2023-08-09 14:37:39,615 [INFO] ('Abbuono', 0.0, 0.01) - Skipping transaction as amount is < 1 Euro (min transaction amount)
2023-08-09 14:37:39,615 [INFO] ('Fattura di vendita', 45.9, 0.0) - This transaction was held on Saturday. Converting it to Monday
2023-08-09 14:37:39,615 [INFO] ('Abbuono', 0.0, 0.01) - Skipping transaction as amount is < 1 Euro (min transaction amount)
2023-08-09 14:37:39,615 [INFO] ('Abbuono', 0.01, 0.0) - Skipping transaction as amount is < 1 Euro (min transaction amount)
2023-08-09 14:37:39,615 [INFO] ('Abbuono', 0.0, 0.01) - Skipping transaction as amount is < 1 Euro (min transaction amount)
2023-08-09 14:37:39,615 [INFO] ('Abbuono', 0.0, 0.01) - Skipping transaction as amount is < 1 Euro (min transaction amount)
2023-08-09 14:37:39,615 [INFO] ('Abbuono', 0.0, 0.01) - Skipping transaction as amount is < 1 Euro (min transaction amount)
2023-08-09 14:37:39,616 [INFO] ('Abbuono', 0.0, 0.01) - Skipping transaction as amount is < 1 Euro (min transaction amount)
2023-08-09 14:37:39,616 [INFO] ('Abbuono', 0.0, 0.01) - Skipping transaction as amount is < 1 Euro (min transaction amount)
2023-08-09 14:37:39,616 [INFO] ('Abbuono', 0.0, 0.01) - Skipping transaction as amount is < 1 Euro (min transaction amount)
2023-08-09 14:37:39,616 [INFO] ('Abbuono', 0.0, 0.01) - Skipping transaction as amount is < 1 Euro (min transaction amount)
2023-08-09 14:37:39,616 [INFO] ('Abbuono', 0.0, 0.01) - Skipping transaction as amount is < 1 Euro (min transaction amount)
2023-08-09 14:37:39,616 [INFO] ('Abbuono', 0.0, 0.01) - Skipping transaction as amount is < 1 Euro (min transaction amount)
2023-08-09 14:37:39,616 [INFO] ('Abbuono', 0.0, 0.01) - Skipping transaction as amount is < 1 Euro (min transaction amount)
2023-08-09 14:37:39,616 [INFO] ('Abbuono', 0.0, 0.01) - Skipping transaction as amount is < 1 Euro (min transaction amount)
2023-08-09 14:37:39,616 [INFO] ('Abbuono', 0.0, 0.01) - Skipping transaction as amount is < 1 Euro (min transaction amount)
2023-08-09 14:37:39,616 [INFO] ('Abbuono', 0.0, 0.02) - Skipping transaction as amount is < 1 Euro (min transaction amount)
2023-08-09 14:37:39,616 [INFO] ('Abbuono', 0.0, 0.01) - Skipping transaction as amount is < 1 Euro (min transaction amount)
2023-08-09 14:37:39,616 [INFO] ('Abbuono', 0.0, 0.01) - Skipping transaction as amount is < 1 Euro (min transaction amount)
2023-08-09 14:37:39,617 [INFO] ('Abbuono', 0.0, 0.01) - Skipping transaction as amount is < 1 Euro (min transaction amount)
2023-08-09 14:37:39,617 [INFO] ('Abbuono', 0.0, 0.01) - Skipping transaction as amount is < 1 Euro (min transaction amount)
2023-08-09 14:37:39,617 [INFO] ('Abbuono', 0.01, 0.0) - Skipping transaction as amount is < 1 Euro (min transaction amount)
2023-08-09 14:37:39,617 [INFO] ('Abbuono', 0.0, 0.01) - Skipping transaction as amount is < 1 Euro (min transaction amount)
2023-08-09 14:37:39,617 [INFO] ('Abbuono', 0.0, 0.03) - Skipping transaction as amount is < 1 Euro (min transaction amount)
2023-08-09 14:37:39,617 [INFO] ('Abbuono', 0.0, 0.01) - Skipping transaction as amount is < 1 Euro (min transaction amount)
2023-08-09 14:37:39,617 [INFO] ('Abbuono', 0.02, 0.0) - Skipping transaction as amount is < 1 Euro (min transaction amount)
2023-08-09 14:37:39,617 [INFO] ('Abbuono', 0.01, 0.0) - Skipping transaction as amount is < 1 Euro (min transaction amount)
2023-08-09 14:37:39,617 [INFO] ('Abbuono', 0.01, 0.0) - Skipping transaction as amount is < 1 Euro (min transaction amount)
2023-08-09 14:37:39,617 [INFO] ('Fattura di vendita', 32.9, 0.0) - This transaction was held on Saturday. Converting it to Monday
2023-08-09 14:37:39,617 [INFO] ('Abbuono', 0.0, 0.01) - Skipping transaction as amount is < 1 Euro (min transaction amount)
2023-08-09 14:37:39,618 [INFO] ('Abbuono', 0.0, 0.01) - Skipping transaction as amount is < 1 Euro (min transaction amount)
2023-08-09 14:37:39,618 [INFO] ('Abbuono', 0.0, 0.01) - Skipping transaction as amount is < 1 Euro (min transaction amount)
2023-08-09 14:37:39,618 [INFO] ('Abbuono', 0.01, 0.0) - Skipping transaction as amount is < 1 Euro (min transaction amount)
2023-08-09 14:37:39,618 [INFO] ('Abbuono', 0.0, 0.01) - Skipping transaction as amount is < 1 Euro (min transaction amount)
2023-08-09 14:37:39,618 [INFO] ('Abbuono', 0.01, 0.0) - Skipping transaction as amount is < 1 Euro (min transaction amount)
2023-08-09 14:37:39,618 [INFO] ('Fattura di vendita', 44.9, 0.0) - This transaction was held on a holiday ().Converting it to the next working day
2023-08-09 14:37:39,618 [INFO] ('Abbuono', 0.0, 0.01) - Skipping transaction as amount is < 1 Euro (min transaction amount)
2023-08-09 14:37:39,618 [INFO] ('Abbuono', 0.0, 0.01) - Skipping transaction as amount is < 1 Euro (min transaction amount)
2023-08-09 14:37:39,618 [INFO] ('Abbuono', 0.0, 0.01) - Skipping transaction as amount is < 1 Euro (min transaction amount)
2023-08-09 14:37:39,618 [INFO] ('Abbuono', 0.0, 0.01) - Skipping transaction as amount is < 1 Euro (min transaction amount)
2023-08-09 14:37:39,618 [INFO] ('Abbuono', 0.0, 0.01) - Skipping transaction as amount is < 1 Euro (min transaction amount)
2023-08-09 14:37:39,619 [INFO] ('Abbuono', 0.0, 0.01) - Skipping transaction as amount is < 1 Euro (min transaction amount)
2023-08-09 14:37:39,619 [INFO] ('Abbuono', 0.0, 0.01) - Skipping transaction as amount is < 1 Euro (min transaction amount)
2023-08-09 14:37:39,619 [INFO] ('Abbuono', 0.0, 0.01) - Skipping transaction as amount is < 1 Euro (min transaction amount)
2023-08-09 14:37:39,619 [INFO] ('Abbuono', 0.0, 0.01) - Skipping transaction as amount is < 1 Euro (min transaction amount)
2023-08-09 14:37:39,619 [INFO] ('Abbuono', 0.0, 0.01) - Skipping transaction as amount is < 1 Euro (min transaction amount)
2023-08-09 14:37:39,619 [INFO] ('Abbuono', 0.0, 0.01) - Skipping transaction as amount is < 1 Euro (min transaction amount)
2023-08-09 14:37:39,619 [INFO] ('Abbuono', 0.0, 0.01) - Skipping transaction as amount is < 1 Euro (min transaction amount)
2023-08-09 14:37:39,619 [INFO] ('Abbuono', 0.0, 0.01) - Skipping transaction as amount is < 1 Euro (min transaction amount)
2023-08-09 14:37:39,619 [INFO] ('Abbuono', 0.0, 0.01) - Skipping transaction as amount is < 1 Euro (min transaction amount)
2023-08-09 14:37:39,619 [INFO] ('Abbuono', 0.0, 0.01) - Skipping transaction as amount is < 1 Euro (min transaction amount)
2023-08-09 14:37:39,619 [INFO] ('Abbuono', 0.0, 0.01) - Skipping transaction as amount is < 1 Euro (min transaction amount)
2023-08-09 14:37:39,620 [INFO] ('Abbuono', 0.0, 0.01) - Skipping transaction as amount is < 1 Euro (min transaction amount)
2023-08-09 14:37:39,620 [INFO] ('Abbuono', 0.0, 0.01) - Skipping transaction as amount is < 1 Euro (min transaction amount)
2023-08-09 14:37:39,620 [INFO] ('Abbuono', 0.0, 0.01) - Skipping transaction as amount is < 1 Euro (min transaction amount)
2023-08-09 14:37:39,620 [INFO] ('Abbuono', 0.01, 0.0) - Skipping transaction as amount is < 1 Euro (min transaction amount)
2023-08-09 14:37:39,620 [INFO] ('Abbuono', 0.01, 0.0) - Skipping transaction as amount is < 1 Euro (min transaction amount)
2023-08-09 14:37:39,620 [INFO] ('Abbuono', 0.0, 0.01) - Skipping transaction as amount is < 1 Euro (min transaction amount)
2023-08-09 14:37:39,620 [INFO] ('Abbuono', 0.01, 0.0) - Skipping transaction as amount is < 1 Euro (min transaction amount)
2023-08-09 14:37:39,620 [INFO] ('Abbuono', 0.0, 0.01) - Skipping transaction as amount is < 1 Euro (min transaction amount)
2023-08-09 14:37:39,620 [INFO] ('Abbuono', 0.0, 0.01) - Skipping transaction as amount is < 1 Euro (min transaction amount)
2023-08-09 14:37:39,620 [INFO] ('Abbuono', 0.0, 0.01) - Skipping transaction as amount is < 1 Euro (min transaction amount)
2023-08-09 14:37:39,620 [INFO] ('Abbuono', 0.0, 0.01) - Skipping transaction as amount is < 1 Euro (min transaction amount)
2023-08-09 14:37:39,620 [INFO] ('Abbuono', 0.01, 0.0) - Skipping transaction as amount is < 1 Euro (min transaction amount)
2023-08-09 14:37:39,621 [INFO] ('Abbuono', 0.0, 0.01) - Skipping transaction as amount is < 1 Euro (min transaction amount)
2023-08-09 14:37:39,621 [INFO] ('Abbuono', 0.01, 0.0) - Skipping transaction as amount is < 1 Euro (min transaction amount)
2023-08-09 14:37:39,621 [INFO] ('Abbuono', 0.0, 0.01) - Skipping transaction as amount is < 1 Euro (min transaction amount)
2023-08-09 14:37:39,621 [INFO] ('Fattura di vendita', 74.9, 0.0) - This transaction was held on a holiday ().Converting it to the next working day
2023-08-09 14:37:39,621 [INFO] ('Abbuono', 0.0, 0.01) - Skipping transaction as amount is < 1 Euro (min transaction amount)
2023-08-09 14:37:39,621 [INFO] ('Abbuono', 0.0, 0.01) - Skipping transaction as amount is < 1 Euro (min transaction amount)
2023-08-09 14:37:39,621 [INFO] ('Abbuono', 0.0, 0.01) - Skipping transaction as amount is < 1 Euro (min transaction amount)
2023-08-09 14:37:39,621 [INFO] ('Abbuono', 0.0, 0.01) - Skipping transaction as amount is < 1 Euro (min transaction amount)
2023-08-09 14:37:39,621 [INFO] ('Abbuono', 0.01, 0.0) - Skipping transaction as amount is < 1 Euro (min transaction amount)
2023-08-09 14:37:39,621 [INFO] ('Abbuono', 0.0, 0.01) - Skipping transaction as amount is < 1 Euro (min transaction amount)
2023-08-09 14:37:39,621 [INFO] ('Abbuono', 0.02, 0.0) - Skipping transaction as amount is < 1 Euro (min transaction amount)
2023-08-09 14:37:39,621 [INFO] ('Abbuono', 0.01, 0.0) - Skipping transaction as amount is < 1 Euro (min transaction amount)
2023-08-09 14:37:39,621 [INFO] ('Abbuono', 0.0, 0.02) - Skipping transaction as amount is < 1 Euro (min transaction amount)
2023-08-09 14:37:39,622 [INFO] ('Abbuono', 0.01, 0.0) - Skipping transaction as amount is < 1 Euro (min transaction amount)
2023-08-09 14:37:39,622 [INFO] ('Abbuono', 0.0, 0.01) - Skipping transaction as amount is < 1 Euro (min transaction amount)
2023-08-09 14:37:39,622 [INFO] ('Abbuono', 0.0, 0.02) - Skipping transaction as amount is < 1 Euro (min transaction amount)
2023-08-09 14:37:39,622 [INFO] ('Abbuono', 0.01, 0.0) - Skipping transaction as amount is < 1 Euro (min transaction amount)
2023-08-09 14:37:39,622 [INFO] ('Abbuono', 0.0, 0.01) - Skipping transaction as amount is < 1 Euro (min transaction amount)
2023-08-09 14:37:39,622 [INFO] ('Abbuono', 0.0, 0.01) - Skipping transaction as amount is < 1 Euro (min transaction amount)
2023-08-09 14:37:39,622 [INFO] ('Abbuono', 0.0, 0.01) - Skipping transaction as amount is < 1 Euro (min transaction amount)
2023-08-09 14:37:39,622 [INFO] ('Abbuono', 0.0, 0.01) - Skipping transaction as amount is < 1 Euro (min transaction amount)
2023-08-09 14:37:39,622 [INFO] ('Abbuono', 0.0, 0.01) - Skipping transaction as amount is < 1 Euro (min transaction amount)
2023-08-09 14:37:39,622 [INFO] ('Abbuono', 0.01, 0.0) - Skipping transaction as amount is < 1 Euro (min transaction amount)
2023-08-09 14:37:39,622 [INFO] ('Abbuono', 0.01, 0.0) - Skipping transaction as amount is < 1 Euro (min transaction amount)
2023-08-09 14:37:39,623 [INFO] ('Abbuono', 0.0, 0.01) - Skipping transaction as amount is < 1 Euro (min transaction amount)
2023-08-09 14:37:39,623 [INFO] ('Abbuono', 0.0, 0.01) - Skipping transaction as amount is < 1 Euro (min transaction amount)
2023-08-09 14:37:39,623 [INFO] ('Abbuono', 0.0, 0.01) - Skipping transaction as amount is < 1 Euro (min transaction amount)
2023-08-09 14:37:39,623 [INFO] ('Abbuono', 0.0, 0.02) - Skipping transaction as amount is < 1 Euro (min transaction amount)
2023-08-09 14:37:39,623 [INFO] ('Abbuono', 0.0, 0.02) - Skipping transaction as amount is < 1 Euro (min transaction amount)
2023-08-09 14:37:39,623 [INFO] ('Abbuono', 0.0, 0.01) - Skipping transaction as amount is < 1 Euro (min transaction amount)
2023-08-09 14:37:39,623 [INFO] ('Abbuono', 0.0, 0.01) - Skipping transaction as amount is < 1 Euro (min transaction amount)
2023-08-09 14:37:39,623 [INFO] ('Abbuono', 0.0, 0.01) - Skipping transaction as amount is < 1 Euro (min transaction amount)
2023-08-09 14:37:39,623 [INFO] ('Abbuono', 0.01, 0.0) - Skipping transaction as amount is < 1 Euro (min transaction amount)
2023-08-09 14:37:39,623 [INFO] ('Abbuono', 0.0, 0.01) - Skipping transaction as amount is < 1 Euro (min transaction amount)
2023-08-09 14:37:39,623 [INFO] ('Abbuono', 0.01, 0.0) - Skipping transaction as amount is < 1 Euro (min transaction amount)
2023-08-09 14:37:39,623 [INFO] ('Abbuono', 0.0, 0.02) - Skipping transaction as amount is < 1 Euro (min transaction amount)
2023-08-09 14:37:39,624 [INFO] ('Abbuono', 0.01, 0.0) - Skipping transaction as amount is < 1 Euro (min transaction amount)
2023-08-09 14:37:39,624 [INFO] ('Abbuono', 0.0, 0.01) - Skipping transaction as amount is < 1 Euro (min transaction amount)
2023-08-09 14:37:39,624 [INFO] ('Abbuono', 0.0, 0.01) - Skipping transaction as amount is < 1 Euro (min transaction amount)
2023-08-09 14:37:39,624 [INFO] ('Abbuono', 0.02, 0.0) - Skipping transaction as amount is < 1 Euro (min transaction amount)
2023-08-09 14:37:39,624 [INFO] ('Abbuono', 0.0, 0.01) - Skipping transaction as amount is < 1 Euro (min transaction amount)
2023-08-09 14:37:39,624 [INFO] ('Fattura di vendita', 31.71, 0.0) - This transaction was held on Saturday. Converting it to Monday
2023-08-09 14:37:39,624 [INFO] ('Fattura di vendita', 50.9, 0.0) - This transaction was held on Saturday. Converting it to Monday
2023-08-09 14:37:39,624 [INFO] ('Abbuono', 0.0, 0.01) - Skipping transaction as amount is < 1 Euro (min transaction amount)
2023-08-09 14:37:39,624 [INFO] ('Abbuono', 0.0, 0.01) - Skipping transaction as amount is < 1 Euro (min transaction amount)
2023-08-09 14:37:39,624 [INFO] ('Abbuono', 0.0, 0.01) - Skipping transaction as amount is < 1 Euro (min transaction amount)
2023-08-09 14:37:39,624 [INFO] ('Abbuono', 0.0, 0.01) - Skipping transaction as amount is < 1 Euro (min transaction amount)
2023-08-09 14:37:39,624 [INFO] ('Abbuono', 0.0, 0.01) - Skipping transaction as amount is < 1 Euro (min transaction amount)
2023-08-09 14:37:39,625 [INFO] ('Abbuono', 0.0, 0.01) - Skipping transaction as amount is < 1 Euro (min transaction amount)
2023-08-09 14:37:39,625 [INFO] ('Abbuono', 0.0, 0.02) - Skipping transaction as amount is < 1 Euro (min transaction amount)
2023-08-09 14:37:39,625 [INFO] ('Abbuono', 0.0, 0.01) - Skipping transaction as amount is < 1 Euro (min transaction amount)
2023-08-09 14:37:39,625 [INFO] ('Abbuono', 0.0, 0.02) - Skipping transaction as amount is < 1 Euro (min transaction amount)
2023-08-09 14:37:39,625 [INFO] ('Abbuono', 0.01, 0.0) - Skipping transaction as amount is < 1 Euro (min transaction amount)
2023-08-09 14:37:39,625 [INFO] ('Abbuono', 0.0, 0.01) - Skipping transaction as amount is < 1 Euro (min transaction amount)
2023-08-09 14:37:39,625 [INFO] ('Abbuono', 0.0, 0.01) - Skipping transaction as amount is < 1 Euro (min transaction amount)
2023-08-09 14:37:39,625 [INFO] ('Abbuono', 0.0, 0.01) - Skipping transaction as amount is < 1 Euro (min transaction amount)
2023-08-09 14:37:39,626 [INFO] ('Abbuono', 0.0, 0.01) - Skipping transaction as amount is < 1 Euro (min transaction amount)
2023-08-09 14:37:39,626 [INFO] ('Abbuono', 0.01, 0.0) - Skipping transaction as amount is < 1 Euro (min transaction amount)
2023-08-09 14:37:39,626 [INFO] ('Abbuono', 0.0, 0.01) - Skipping transaction as amount is < 1 Euro (min transaction amount)
2023-08-09 14:37:39,626 [INFO] ('Abbuono', 0.0, 0.01) - Skipping transaction as amount is < 1 Euro (min transaction amount)
2023-08-09 14:37:39,626 [INFO] ('Abbuono', 0.0, 0.01) - Skipping transaction as amount is < 1 Euro (min transaction amount)
2023-08-09 14:37:39,626 [INFO] ('Abbuono', 0.0, 0.01) - Skipping transaction as amount is < 1 Euro (min transaction amount)
2023-08-09 14:37:39,626 [INFO] ('Abbuono', 0.0, 0.01) - Skipping transaction as amount is < 1 Euro (min transaction amount)
2023-08-09 14:37:39,626 [INFO] ('Abbuono', 0.0, 0.01) - Skipping transaction as amount is < 1 Euro (min transaction amount)
2023-08-09 14:37:39,626 [INFO] ('Abbuono', 0.01, 0.0) - Skipping transaction as amount is < 1 Euro (min transaction amount)
2023-08-09 14:37:39,626 [INFO] ('Abbuono', 0.01, 0.0) - Skipping transaction as amount is < 1 Euro (min transaction amount)
2023-08-09 14:37:39,626 [INFO] ('Abbuono', 0.01, 0.0) - Skipping transaction as amount is < 1 Euro (min transaction amount)
2023-08-09 14:37:39,626 [INFO] ('Abbuono', 0.0, 0.01) - Skipping transaction as amount is < 1 Euro (min transaction amount)
2023-08-09 14:37:39,627 [INFO] ('Abbuono', 0.0, 0.01) - Skipping transaction as amount is < 1 Euro (min transaction amount)
2023-08-09 14:37:39,627 [INFO] ('Abbuono', 0.0, 0.01) - Skipping transaction as amount is < 1 Euro (min transaction amount)
2023-08-09 14:37:39,627 [INFO] ('Abbuono', 0.0, 0.01) - Skipping transaction as amount is < 1 Euro (min transaction amount)
2023-08-09 14:37:39,627 [INFO] ('Abbuono', 0.0, 0.01) - Skipping transaction as amount is < 1 Euro (min transaction amount)
2023-08-09 14:37:39,627 [INFO] ('Abbuono', 0.0, 0.01) - Skipping transaction as amount is < 1 Euro (min transaction amount)
2023-08-09 14:37:39,627 [INFO] ('Abbuono', 0.01, 0.0) - Skipping transaction as amount is < 1 Euro (min transaction amount)
2023-08-09 14:37:39,627 [INFO] ('Abbuono', 0.0, 0.01) - Skipping transaction as amount is < 1 Euro (min transaction amount)
2023-08-09 14:37:39,627 [INFO] ('Abbuono', 0.0, 0.02) - Skipping transaction as amount is < 1 Euro (min transaction amount)
2023-08-09 14:37:39,627 [INFO] ('Abbuono', 0.0, 0.03) - Skipping transaction as amount is < 1 Euro (min transaction amount)
2023-08-09 14:37:39,627 [INFO] ('Abbuono', 0.0, 0.02) - Skipping transaction as amount is < 1 Euro (min transaction amount)
2023-08-09 14:37:39,627 [INFO] ('Abbuono', 0.0, 0.01) - Skipping transaction as amount is < 1 Euro (min transaction amount)
2023-08-09 14:37:39,627 [INFO] ('Abbuono', 0.02, 0.0) - Skipping transaction as amount is < 1 Euro (min transaction amount)
2023-08-09 14:37:39,627 [INFO] ('Abbuono', 0.0, 0.01) - Skipping transaction as amount is < 1 Euro (min transaction amount)
2023-08-09 14:37:39,628 [INFO] ('Abbuono', 0.0, 0.01) - Skipping transaction as amount is < 1 Euro (min transaction amount)
2023-08-09 14:37:39,628 [INFO] ('Abbuono', 0.0, 0.03) - Skipping transaction as amount is < 1 Euro (min transaction amount)
2023-08-09 14:37:39,628 [INFO] ('Abbuono', 0.0, 0.01) - Skipping transaction as amount is < 1 Euro (min transaction amount)
2023-08-09 14:37:39,628 [INFO] ('Abbuono', 0.0, 0.01) - Skipping transaction as amount is < 1 Euro (min transaction amount)
2023-08-09 14:37:39,628 [INFO] ('Abbuono', 0.0, 0.02) - Skipping transaction as amount is < 1 Euro (min transaction amount)
2023-08-09 14:37:39,628 [INFO] ('Abbuono', 0.0, 0.02) - Skipping transaction as amount is < 1 Euro (min transaction amount)
2023-08-09 14:37:39,628 [INFO] ('Abbuono', 0.0, 0.02) - Skipping transaction as amount is < 1 Euro (min transaction amount)
2023-08-09 14:37:39,628 [INFO] ('Abbuono', 0.01, 0.0) - Skipping transaction as amount is < 1 Euro (min transaction amount)
2023-08-09 14:37:39,628 [INFO] ('Abbuono', 0.0, 0.01) - Skipping transaction as amount is < 1 Euro (min transaction amount)
2023-08-09 14:37:39,628 [INFO] ('Abbuono', 0.0, 0.01) - Skipping transaction as amount is < 1 Euro (min transaction amount)
2023-08-09 14:37:39,628 [INFO] ('Abbuono', 0.0, 0.01) - Skipping transaction as amount is < 1 Euro (min transaction amount)
2023-08-09 14:37:39,628 [INFO] ('Abbuono', 0.0, 0.01) - Skipping transaction as amount is < 1 Euro (min transaction amount)
2023-08-09 14:37:39,629 [INFO] ('Abbuono', 0.0, 0.01) - Skipping transaction as amount is < 1 Euro (min transaction amount)
2023-08-09 14:37:39,629 [INFO] ('Abbuono', 0.01, 0.0) - Skipping transaction as amount is < 1 Euro (min transaction amount)
2023-08-09 14:37:39,629 [INFO] ('Abbuono', 0.01, 0.0) - Skipping transaction as amount is < 1 Euro (min transaction amount)
2023-08-09 14:37:39,629 [INFO] ('Abbuono', 0.0, 0.02) - Skipping transaction as amount is < 1 Euro (min transaction amount)
2023-08-09 14:37:39,629 [INFO] ('Abbuono', 0.0, 0.01) - Skipping transaction as amount is < 1 Euro (min transaction amount)
2023-08-09 14:37:39,629 [INFO] ('Abbuono', 0.0, 0.01) - Skipping transaction as amount is < 1 Euro (min transaction amount)
2023-08-09 14:37:39,629 [INFO] ('Abbuono', 0.0, 0.01) - Skipping transaction as amount is < 1 Euro (min transaction amount)
2023-08-09 14:37:39,629 [INFO] ('Abbuono', 0.0, 0.02) - Skipping transaction as amount is < 1 Euro (min transaction amount)
2023-08-09 14:37:39,629 [INFO] ('Abbuono', 0.0, 0.02) - Skipping transaction as amount is < 1 Euro (min transaction amount)
2023-08-09 14:37:39,629 [INFO] ('Abbuono', 0.0, 0.01) - Skipping transaction as amount is < 1 Euro (min transaction amount)
2023-08-09 14:37:39,629 [INFO] ('Abbuono', 0.01, 0.0) - Skipping transaction as amount is < 1 Euro (min transaction amount)
2023-08-09 14:37:39,629 [INFO] ('Abbuono', 0.0, 0.01) - Skipping transaction as amount is < 1 Euro (min transaction amount)
2023-08-09 14:37:39,629 [INFO] ('Fattura di vendita', 74.9, 0.0) - This transaction was held on a holiday ().Converting it to the next working day
2023-08-09 14:37:39,630 [INFO] ('Fattura di vendita', 50.9, 0.0) - This transaction was held on Saturday. Converting it to Monday
2023-08-09 14:37:39,630 [INFO] ('Abbuono', 0.01, 0.0) - Skipping transaction as amount is < 1 Euro (min transaction amount)
2023-08-09 14:37:39,630 [INFO] ('Abbuono', 0.0, 0.01) - Skipping transaction as amount is < 1 Euro (min transaction amount)
2023-08-09 14:37:39,630 [INFO] ('Abbuono', 0.0, 0.02) - Skipping transaction as amount is < 1 Euro (min transaction amount)
2023-08-09 14:37:39,630 [INFO] ('Abbuono', 0.0, 0.02) - Skipping transaction as amount is < 1 Euro (min transaction amount)
2023-08-09 14:37:39,630 [INFO] ('Abbuono', 0.0, 0.01) - Skipping transaction as amount is < 1 Euro (min transaction amount)
2023-08-09 14:37:39,630 [INFO] ('Abbuono', 0.01, 0.0) - Skipping transaction as amount is < 1 Euro (min transaction amount)
2023-08-09 14:37:39,630 [INFO] ('Fattura di vendita', 102.9, 0.0) - This transaction was held on Saturday. Converting it to Monday
2023-08-09 14:37:39,630 [INFO] ('Abbuono', 0.0, 0.01) - Skipping transaction as amount is < 1 Euro (min transaction amount)
2023-08-09 14:37:39,630 [INFO] ('Abbuono', 0.0, 0.01) - Skipping transaction as amount is < 1 Euro (min transaction amount)
2023-08-09 14:37:39,631 [INFO] ('Abbuono', 0.0, 0.01) - Skipping transaction as amount is < 1 Euro (min transaction amount)
2023-08-09 14:37:39,631 [INFO] ('Abbuono', 0.0, 0.01) - Skipping transaction as amount is < 1 Euro (min transaction amount)
2023-08-09 14:37:39,631 [INFO] ('Fattura di vendita', 32.9, 0.0) - This transaction was held on Saturday. Converting it to Monday
2023-08-09 14:37:39,631 [INFO] ('Abbuono', 0.0, 0.01) - Skipping transaction as amount is < 1 Euro (min transaction amount)
2023-08-09 14:37:39,631 [INFO] ('Abbuono', 0.0, 0.01) - Skipping transaction as amount is < 1 Euro (min transaction amount)
2023-08-09 14:37:39,631 [INFO] ('Abbuono', 0.0, 0.01) - Skipping transaction as amount is < 1 Euro (min transaction amount)
2023-08-09 14:37:39,631 [INFO] ('Abbuono', 0.0, 0.01) - Skipping transaction as amount is < 1 Euro (min transaction amount)
2023-08-09 14:37:39,631 [INFO] ('Abbuono', 0.0, 0.01) - Skipping transaction as amount is < 1 Euro (min transaction amount)
2023-08-09 14:37:39,631 [INFO] ('Abbuono', 0.0, 0.01) - Skipping transaction as amount is < 1 Euro (min transaction amount)
2023-08-09 14:37:39,631 [INFO] ('Abbuono', 0.01, 0.0) - Skipping transaction as amount is < 1 Euro (min transaction amount)
2023-08-09 14:37:39,631 [INFO] ('Abbuono', 0.01, 0.0) - Skipping transaction as amount is < 1 Euro (min transaction amount)
2023-08-09 14:37:39,631 [INFO] ('Abbuono', 0.0, 0.01) - Skipping transaction as amount is < 1 Euro (min transaction amount)
2023-08-09 14:37:39,632 [INFO] ('Abbuono', 0.0, 0.01) - Skipping transaction as amount is < 1 Euro (min transaction amount)
2023-08-09 14:37:39,632 [INFO] ('Abbuono', 0.01, 0.0) - Skipping transaction as amount is < 1 Euro (min transaction amount)
2023-08-09 14:37:39,632 [INFO] ('Abbuono', 0.0, 0.01) - Skipping transaction as amount is < 1 Euro (min transaction amount)
2023-08-09 14:37:39,632 [INFO] ('Abbuono', 0.01, 0.0) - Skipping transaction as amount is < 1 Euro (min transaction amount)
2023-08-09 14:37:39,632 [INFO] ('Abbuono', 0.0, 0.01) - Skipping transaction as amount is < 1 Euro (min transaction amount)
2023-08-09 14:37:39,632 [INFO] ('Abbuono', 0.0, 0.01) - Skipping transaction as amount is < 1 Euro (min transaction amount)
2023-08-09 14:37:39,632 [INFO] ('Abbuono', 0.0, 0.02) - Skipping transaction as amount is < 1 Euro (min transaction amount)
2023-08-09 14:37:39,632 [INFO] ('Abbuono', 0.0, 0.01) - Skipping transaction as amount is < 1 Euro (min transaction amount)
2023-08-09 14:37:39,632 [INFO] ('Abbuono', 0.0, 0.01) - Skipping transaction as amount is < 1 Euro (min transaction amount)
2023-08-09 14:37:39,632 [INFO] ('Abbuono', 0.0, 0.01) - Skipping transaction as amount is < 1 Euro (min transaction amount)
2023-08-09 14:37:39,632 [INFO] ('Abbuono', 0.01, 0.0) - Skipping transaction as amount is < 1 Euro (min transaction amount)
2023-08-09 14:37:39,632 [INFO] ('Abbuono', 0.0, 0.01) - Skipping transaction as amount is < 1 Euro (min transaction amount)
2023-08-09 14:37:39,632 [INFO] ('Abbuono', 0.01, 0.0) - Skipping transaction as amount is < 1 Euro (min transaction amount)
2023-08-09 14:37:39,633 [INFO] ('Abbuono', 0.0, 0.01) - Skipping transaction as amount is < 1 Euro (min transaction amount)
2023-08-09 14:37:39,633 [INFO] ('Abbuono', 0.01, 0.0) - Skipping transaction as amount is < 1 Euro (min transaction amount)
2023-08-09 14:37:39,633 [INFO] ('Abbuono', 0.0, 0.01) - Skipping transaction as amount is < 1 Euro (min transaction amount)
2023-08-09 14:37:39,633 [INFO] ('Abbuono', 0.0, 0.01) - Skipping transaction as amount is < 1 Euro (min transaction amount)
2023-08-09 14:37:39,633 [INFO] ('Abbuono', 0.01, 0.0) - Skipping transaction as amount is < 1 Euro (min transaction amount)
2023-08-09 14:37:39,633 [INFO] ('Abbuono', 0.01, 0.0) - Skipping transaction as amount is < 1 Euro (min transaction amount)
2023-08-09 14:37:39,633 [INFO] ('Abbuono', 0.01, 0.0) - Skipping transaction as amount is < 1 Euro (min transaction amount)
2023-08-09 14:37:39,633 [INFO] ('Abbuono', 0.0, 0.01) - Skipping transaction as amount is < 1 Euro (min transaction amount)
2023-08-09 14:37:39,633 [INFO] ('Abbuono', 0.0, 0.01) - Skipping transaction as amount is < 1 Euro (min transaction amount)
2023-08-09 14:37:39,633 [INFO] ('Abbuono', 0.0, 0.01) - Skipping transaction as amount is < 1 Euro (min transaction amount)
2023-08-09 14:37:39,633 [INFO] ('Abbuono', 0.01, 0.0) - Skipping transaction as amount is < 1 Euro (min transaction amount)
2023-08-09 14:37:39,633 [INFO] ('Abbuono', 0.0, 0.01) - Skipping transaction as amount is < 1 Euro (min transaction amount)
2023-08-09 14:37:39,633 [INFO] ('Abbuono', 0.0, 0.01) - Skipping transaction as amount is < 1 Euro (min transaction amount)
2023-08-09 14:37:39,634 [INFO] ('Abbuono', 0.0, 0.02) - Skipping transaction as amount is < 1 Euro (min transaction amount)
2023-08-09 14:37:39,634 [INFO] ('Abbuono', 0.0, 0.01) - Skipping transaction as amount is < 1 Euro (min transaction amount)
2023-08-09 14:37:39,634 [INFO] ('Abbuono', 0.0, 0.01) - Skipping transaction as amount is < 1 Euro (min transaction amount)
2023-08-09 14:37:39,634 [INFO] ('Abbuono', 0.0, 0.01) - Skipping transaction as amount is < 1 Euro (min transaction amount)
2023-08-09 14:37:39,634 [INFO] ('Abbuono', 0.0, 0.01) - Skipping transaction as amount is < 1 Euro (min transaction amount)
2023-08-09 14:37:39,634 [INFO] ('Abbuono', 0.0, 0.01) - Skipping transaction as amount is < 1 Euro (min transaction amount)
2023-08-09 14:37:39,634 [INFO] ('Abbuono', 0.01, 0.0) - Skipping transaction as amount is < 1 Euro (min transaction amount)
2023-08-09 14:37:39,634 [INFO] ('Abbuono', 0.0, 0.01) - Skipping transaction as amount is < 1 Euro (min transaction amount)
2023-08-09 14:37:39,634 [INFO] ('Abbuono', 0.0, 0.01) - Skipping transaction as amount is < 1 Euro (min transaction amount)
2023-08-09 14:37:39,634 [INFO] ('Abbuono', 0.0, 0.01) - Skipping transaction as amount is < 1 Euro (min transaction amount)
2023-08-09 14:37:39,634 [INFO] ('Abbuono', 0.0, 0.01) - Skipping transaction as amount is < 1 Euro (min transaction amount)
2023-08-09 14:37:39,635 [INFO] ('Abbuono', 0.0, 0.01) - Skipping transaction as amount is < 1 Euro (min transaction amount)
2023-08-09 14:37:39,635 [INFO] ('Abbuono', 0.0, 0.01) - Skipping transaction as amount is < 1 Euro (min transaction amount)
2023-08-09 14:37:39,635 [INFO] ('Abbuono', 0.0, 0.01) - Skipping transaction as amount is < 1 Euro (min transaction amount)
2023-08-09 14:37:39,635 [INFO] ('Abbuono', 0.0, 0.01) - Skipping transaction as amount is < 1 Euro (min transaction amount)
2023-08-09 14:37:39,635 [INFO] ('Abbuono', 0.0, 0.01) - Skipping transaction as amount is < 1 Euro (min transaction amount)
2023-08-09 14:37:39,635 [INFO] ('Abbuono', 0.0, 0.01) - Skipping transaction as amount is < 1 Euro (min transaction amount)
2023-08-09 14:37:39,635 [INFO] ('Abbuono', 0.0, 0.01) - Skipping transaction as amount is < 1 Euro (min transaction amount)
2023-08-09 14:37:39,635 [INFO] ('Abbuono', 0.0, 0.01) - Skipping transaction as amount is < 1 Euro (min transaction amount)
2023-08-09 14:37:39,635 [INFO] ('Abbuono', 0.0, 0.01) - Skipping transaction as amount is < 1 Euro (min transaction amount)
2023-08-09 14:37:39,635 [INFO] ('Abbuono', 0.0, 0.02) - Skipping transaction as amount is < 1 Euro (min transaction amount)
2023-08-09 14:37:39,635 [INFO] ('Abbuono', 0.01, 0.0) - Skipping transaction as amount is < 1 Euro (min transaction amount)
2023-08-09 14:37:39,636 [INFO] ('Abbuono', 0.0, 0.01) - Skipping transaction as amount is < 1 Euro (min transaction amount)
2023-08-09 14:37:39,636 [INFO] ('Abbuono', 0.0, 0.01) - Skipping transaction as amount is < 1 Euro (min transaction amount)
2023-08-09 14:37:39,636 [INFO] ('Fattura di vendita', 134.0, 0.0) - This transaction was held on a holiday ().Converting it to the next working day
2023-08-09 14:37:39,636 [INFO] ('Fattura di vendita', 161.5, 0.0) - This transaction was held on Saturday. Converting it to Monday
2023-08-09 14:37:39,636 [INFO] ('Abbuono', 0.0, 0.01) - Skipping transaction as amount is < 1 Euro (min transaction amount)
2023-08-09 14:37:39,636 [INFO] ('Abbuono', 0.0, 0.01) - Skipping transaction as amount is < 1 Euro (min transaction amount)
2023-08-09 14:37:39,636 [INFO] ('Abbuono', 0.0, 0.01) - Skipping transaction as amount is < 1 Euro (min transaction amount)
2023-08-09 14:37:39,636 [INFO] ('Abbuono', 0.0, 0.01) - Skipping transaction as amount is < 1 Euro (min transaction amount)
2023-08-09 14:37:39,636 [INFO] ('Abbuono', 0.0, 0.01) - Skipping transaction as amount is < 1 Euro (min transaction amount)
2023-08-09 14:37:39,636 [INFO] ('Abbuono', 0.01, 0.0) - Skipping transaction as amount is < 1 Euro (min transaction amount)
2023-08-09 14:37:39,636 [INFO] ('Abbuono', 0.0, 0.01) - Skipping transaction as amount is < 1 Euro (min transaction amount)
2023-08-09 14:37:39,636 [INFO] ('Abbuono', 0.01, 0.0) - Skipping transaction as amount is < 1 Euro (min transaction amount)
2023-08-09 14:37:39,637 [INFO] ('Abbuono', 0.0, 0.01) - Skipping transaction as amount is < 1 Euro (min transaction amount)
2023-08-09 14:37:39,637 [INFO] ('Abbuono', 0.0, 0.01) - Skipping transaction as amount is < 1 Euro (min transaction amount)
2023-08-09 14:37:39,637 [INFO] ('Fattura di vendita', 48.0, 0.0) - This transaction was held on a holiday ().Converting it to the next working day
2023-08-09 14:37:39,637 [INFO] ('Abbuono', 0.0, 0.01) - Skipping transaction as amount is < 1 Euro (min transaction amount)
2023-08-09 14:37:39,637 [INFO] ('Abbuono', 0.0, 0.01) - Skipping transaction as amount is < 1 Euro (min transaction amount)
2023-08-09 14:37:39,637 [INFO] ('Abbuono', 0.0, 0.01) - Skipping transaction as amount is < 1 Euro (min transaction amount)
2023-08-09 14:37:39,637 [INFO] ('Abbuono', 0.0, 0.02) - Skipping transaction as amount is < 1 Euro (min transaction amount)
2023-08-09 14:37:39,637 [INFO] ('Fattura di vendita', 329.0, 0.0) - This transaction was held on a holiday ().Converting it to the next working day
2023-08-09 14:37:39,637 [INFO] ('Abbuono', 0.0, 0.01) - Skipping transaction as amount is < 1 Euro (min transaction amount)
2023-08-09 14:37:39,637 [INFO] ('Abbuono', 0.0, 0.02) - Skipping transaction as amount is < 1 Euro (min transaction amount)
2023-08-09 14:37:39,637 [INFO] ('Abbuono', 0.0, 0.01) - Skipping transaction as amount is < 1 Euro (min transaction amount)
2023-08-09 14:37:39,637 [INFO] ('Abbuono', 0.0, 0.01) - Skipping transaction as amount is < 1 Euro (min transaction amount)
2023-08-09 14:37:39,638 [INFO] ('Abbuono', 0.0, 0.01) - Skipping transaction as amount is < 1 Euro (min transaction amount)
2023-08-09 14:37:39,638 [INFO] ('Abbuono', 0.01, 0.0) - Skipping transaction as amount is < 1 Euro (min transaction amount)
2023-08-09 14:37:39,638 [INFO] ('Abbuono', 0.0, 0.01) - Skipping transaction as amount is < 1 Euro (min transaction amount)
2023-08-09 14:37:39,638 [INFO] ('Abbuono', 0.0, 0.01) - Skipping transaction as amount is < 1 Euro (min transaction amount)
2023-08-09 14:37:39,638 [INFO] ('Abbuono', 0.0, 0.01) - Skipping transaction as amount is < 1 Euro (min transaction amount)
2023-08-09 14:37:39,638 [INFO] ('Abbuono', 0.0, 0.01) - Skipping transaction as amount is < 1 Euro (min transaction amount)
2023-08-09 14:37:39,638 [INFO] ('Abbuono', 0.0, 0.02) - Skipping transaction as amount is < 1 Euro (min transaction amount)
2023-08-09 14:37:39,638 [INFO] ('Fattura di vendita', 70.9, 0.0) - This transaction was held on Saturday. Converting it to Monday
2023-08-09 14:37:39,638 [INFO] ('Abbuono', 0.0, 0.01) - Skipping transaction as amount is < 1 Euro (min transaction amount)
2023-08-09 14:37:39,638 [INFO] ('Abbuono', 0.01, 0.0) - Skipping transaction as amount is < 1 Euro (min transaction amount)
2023-08-09 14:37:39,638 [INFO] ('Abbuono', 0.0, 0.01) - Skipping transaction as amount is < 1 Euro (min transaction amount)
2023-08-09 14:37:39,638 [INFO] ('Abbuono', 0.0, 0.01) - Skipping transaction as amount is < 1 Euro (min transaction amount)
2023-08-09 14:37:39,638 [INFO] ('Abbuono', 0.0, 0.02) - Skipping transaction as amount is < 1 Euro (min transaction amount)
2023-08-09 14:37:39,639 [INFO] ('Abbuono', 0.0, 0.01) - Skipping transaction as amount is < 1 Euro (min transaction amount)
2023-08-09 14:37:39,639 [INFO] ('Abbuono', 0.01, 0.0) - Skipping transaction as amount is < 1 Euro (min transaction amount)
2023-08-09 14:37:39,639 [INFO] ('Abbuono', 0.0, 0.01) - Skipping transaction as amount is < 1 Euro (min transaction amount)
2023-08-09 14:37:39,639 [INFO] ('Abbuono', 0.01, 0.0) - Skipping transaction as amount is < 1 Euro (min transaction amount)
2023-08-09 14:37:39,639 [INFO] ('Abbuono', 0.01, 0.0) - Skipping transaction as amount is < 1 Euro (min transaction amount)
2023-08-09 14:37:39,639 [INFO] ('Abbuono', 0.0, 0.01) - Skipping transaction as amount is < 1 Euro (min transaction amount)
2023-08-09 14:37:39,639 [INFO] ('Abbuono', 0.0, 0.01) - Skipping transaction as amount is < 1 Euro (min transaction amount)
2023-08-09 14:37:39,639 [INFO] ('Abbuono', 0.0, 0.01) - Skipping transaction as amount is < 1 Euro (min transaction amount)
2023-08-09 14:37:39,639 [INFO] ('Abbuono', 0.01, 0.0) - Skipping transaction as amount is < 1 Euro (min transaction amount)
2023-08-09 14:37:39,639 [INFO] ('Abbuono', 0.0, 0.01) - Skipping transaction as amount is < 1 Euro (min transaction amount)
2023-08-09 14:37:39,639 [INFO] ('Abbuono', 0.01, 0.0) - Skipping transaction as amount is < 1 Euro (min transaction amount)
2023-08-09 14:37:39,639 [INFO] ('Abbuono', 0.0, 0.01) - Skipping transaction as amount is < 1 Euro (min transaction amount)
2023-08-09 14:37:39,639 [INFO] ('Abbuono', 0.01, 0.0) - Skipping transaction as amount is < 1 Euro (min transaction amount)
2023-08-09 14:37:39,640 [INFO] ('Abbuono', 0.01, 0.0) - Skipping transaction as amount is < 1 Euro (min transaction amount)
2023-08-09 14:37:39,640 [INFO] ('Abbuono', 0.0, 0.01) - Skipping transaction as amount is < 1 Euro (min transaction amount)
2023-08-09 14:37:39,640 [INFO] ('Abbuono', 0.01, 0.0) - Skipping transaction as amount is < 1 Euro (min transaction amount)
2023-08-09 14:37:39,640 [INFO] ('Abbuono', 0.0, 0.01) - Skipping transaction as amount is < 1 Euro (min transaction amount)
2023-08-09 14:37:39,640 [INFO] ('Fattura di vendita', 50.9, 0.0) - This transaction was held on Saturday. Converting it to Monday
2023-08-09 14:37:39,640 [INFO] ('Abbuono', 0.0, 0.01) - Skipping transaction as amount is < 1 Euro (min transaction amount)
2023-08-09 14:37:39,640 [INFO] ('Abbuono', 0.0, 0.01) - Skipping transaction as amount is < 1 Euro (min transaction amount)
2023-08-09 14:37:39,640 [INFO] ('Abbuono', 0.0, 0.01) - Skipping transaction as amount is < 1 Euro (min transaction amount)
2023-08-09 14:37:39,640 [INFO] ('Abbuono', 0.0, 0.01) - Skipping transaction as amount is < 1 Euro (min transaction amount)
2023-08-09 14:37:39,640 [INFO] ('Abbuono', 0.01, 0.0) - Skipping transaction as amount is < 1 Euro (min transaction amount)
2023-08-09 14:37:39,640 [INFO] ('Abbuono', 0.0, 0.01) - Skipping transaction as amount is < 1 Euro (min transaction amount)
2023-08-09 14:37:39,641 [INFO] ('Abbuono', 0.0, 0.01) - Skipping transaction as amount is < 1 Euro (min transaction amount)
2023-08-09 14:37:39,641 [INFO] ('Abbuono', 0.01, 0.0) - Skipping transaction as amount is < 1 Euro (min transaction amount)
2023-08-09 14:37:39,641 [INFO] ('Abbuono', 0.0, 0.01) - Skipping transaction as amount is < 1 Euro (min transaction amount)
2023-08-09 14:37:39,641 [INFO] ('Abbuono', 0.0, 0.01) - Skipping transaction as amount is < 1 Euro (min transaction amount)
2023-08-09 14:37:39,641 [INFO] ('Abbuono', 0.0, 0.01) - Skipping transaction as amount is < 1 Euro (min transaction amount)
2023-08-09 14:37:39,641 [INFO] ('Abbuono', 0.0, 0.01) - Skipping transaction as amount is < 1 Euro (min transaction amount)
2023-08-09 14:37:39,641 [INFO] ('Abbuono', 0.0, 0.01) - Skipping transaction as amount is < 1 Euro (min transaction amount)
2023-08-09 14:37:39,641 [INFO] ('Abbuono', 0.0, 0.01) - Skipping transaction as amount is < 1 Euro (min transaction amount)
2023-08-09 14:37:39,641 [INFO] ('Abbuono', 0.0, 0.01) - Skipping transaction as amount is < 1 Euro (min transaction amount)
2023-08-09 14:37:39,641 [INFO] ('Abbuono', 0.02, 0.0) - Skipping transaction as amount is < 1 Euro (min transaction amount)
2023-08-09 14:37:39,641 [INFO] ('Fattura di vendita', 100.0, 0.0) - This transaction was held on Saturday. Converting it to Monday
2023-08-09 14:37:39,641 [INFO] ('Abbuono', 0.0, 0.02) - Skipping transaction as amount is < 1 Euro (min transaction amount)
2023-08-09 14:37:39,641 [INFO] ('Abbuono', 0.0, 0.01) - Skipping transaction as amount is < 1 Euro (min transaction amount)
2023-08-09 14:37:39,642 [INFO] ('Abbuono', 0.0, 0.01) - Skipping transaction as amount is < 1 Euro (min transaction amount)
2023-08-09 14:37:39,642 [INFO] ('Fattura di vendita', 74.9, 0.0) - This transaction was held on a holiday ().Converting it to the next working day
2023-08-09 14:37:39,642 [INFO] ('Abbuono', 0.0, 0.01) - Skipping transaction as amount is < 1 Euro (min transaction amount)
2023-08-09 14:37:39,642 [INFO] ('Abbuono', 0.0, 0.01) - Skipping transaction as amount is < 1 Euro (min transaction amount)
2023-08-09 14:37:39,642 [INFO] ('Abbuono', 0.0, 0.01) - Skipping transaction as amount is < 1 Euro (min transaction amount)
2023-08-09 14:37:39,642 [INFO] ('Abbuono', 0.0, 0.01) - Skipping transaction as amount is < 1 Euro (min transaction amount)
2023-08-09 14:37:39,642 [INFO] ('Abbuono', 0.0, 0.01) - Skipping transaction as amount is < 1 Euro (min transaction amount)
2023-08-09 14:37:39,642 [INFO] ('Abbuono', 0.0, 0.01) - Skipping transaction as amount is < 1 Euro (min transaction amount)
2023-08-09 14:37:39,642 [INFO] ('Abbuono', 0.0, 0.01) - Skipping transaction as amount is < 1 Euro (min transaction amount)
2023-08-09 14:37:39,642 [INFO] ('Abbuono', 0.01, 0.0) - Skipping transaction as amount is < 1 Euro (min transaction amount)
2023-08-09 14:37:39,642 [INFO] ('Abbuono', 0.0, 0.01) - Skipping transaction as amount is < 1 Euro (min transaction amount)
2023-08-09 14:37:39,643 [INFO] ('Abbuono', 0.01, 0.0) - Skipping transaction as amount is < 1 Euro (min transaction amount)
2023-08-09 14:37:39,643 [INFO] ('Abbuono', 0.0, 0.01) - Skipping transaction as amount is < 1 Euro (min transaction amount)
2023-08-09 14:37:39,643 [INFO] ('Abbuono', 0.0, 0.01) - Skipping transaction as amount is < 1 Euro (min transaction amount)
2023-08-09 14:37:39,643 [INFO] ('Abbuono', 0.0, 0.01) - Skipping transaction as amount is < 1 Euro (min transaction amount)
2023-08-09 14:37:39,643 [INFO] ('Abbuono', 0.0, 0.01) - Skipping transaction as amount is < 1 Euro (min transaction amount)
2023-08-09 14:37:39,643 [INFO] ('Abbuono', 0.0, 0.01) - Skipping transaction as amount is < 1 Euro (min transaction amount)
2023-08-09 14:37:39,643 [INFO] ('Abbuono', 0.0, 0.01) - Skipping transaction as amount is < 1 Euro (min transaction amount)
2023-08-09 14:37:39,646 [INFO] Iterating for Account (Branch Code): 15.05.90
2023-08-09 14:37:39,650 [INFO] ('Paola  Silvestrini', 104.0, 0.0) - This transaction was held on Saturday. Converting it to Monday
2023-08-09 14:37:39,652 [INFO] ('Benedetta Toralbo', 23.8, 0.0) - This transaction was held on Saturday. Converting it to Monday
